<?xml version="1.0" encoding="UTF-8"?>
<coverage generated="1609659232417" clover="3.2.0">
  <project timestamp="1609659232417" name="All files">
    <metrics statements="17" coveredstatements="14" conditionals="0" coveredconditionals="0" methods="6" coveredmethods="4" elements="23" coveredelements="18" complexity="0" loc="17" ncloc="17" packages="1" files="1" classes="1"/>
    <file name="app.js" path="/home/asif/Desktop/JEST/app.js">
      <metrics statements="17" coveredstatements="14" conditionals="0" coveredconditionals="0" methods="6" coveredmethods="4"/>
      <line num="1" count="1" type="stmt"/>
      <line num="2" count="1" type="stmt"/>
      <line num="3" count="1" type="stmt"/>
      <line num="6" count="3" type="stmt"/>
      <line num="10" count="3" type="stmt"/>
      <line num="15" count="1" type="stmt"/>
      <line num="16" count="1" type="stmt"/>
      <line num="20" count="1" type="stmt"/>
      <line num="27" count="1" type="stmt"/>
      <line num="30" count="1" type="stmt"/>
      <line num="31" count="0" type="stmt"/>
      <line num="32" count="0" type="stmt"/>
      <line num="36" count="1" type="stmt"/>
      <line num="37" count="0" type="stmt"/>
      <line num="43" count="1" type="stmt"/>
      <line num="44" count="1" type="stmt"/>
      <line num="47" count="1" type="stmt"/>
    </file>
  </project>
</coverage>
